<?xml version="1.0" encoding="UTF-8" standalone="no"?>
<testsuite failures="0" name="cucumber.runtime.formatter.JUnitFormatter" skipped="0" tests="7" time="0.235195">
<testcase classname="Free CRM application testing" name="Create a contact" time="0.23437">
<system-out><![CDATA[Given This is a contact test case...........................................passed
]]></system-out>
</testcase>
<testcase classname="Free CRM application testing" name="Create a tasks" time="0.000137">
<system-out><![CDATA[Given This is a tasks test case.............................................passed
]]></system-out>
</testcase>
<testcase classname="Free CRM application testing" name="Create a case" time="0.00012">
<system-out><![CDATA[Given This is a case test case..............................................passed
]]></system-out>
</testcase>
<testcase classname="Free CRM application testing" name="Search a contact" time="0.000108">
<system-out><![CDATA[Given This is a search contact test.........................................passed
]]></system-out>
</testcase>
<testcase classname="Free CRM application testing" name="Search a task" time="0.000114">
<system-out><![CDATA[Given This is a search task test............................................passed
]]></system-out>
</testcase>
<testcase classname="Free CRM application testing" name="Search a docs" time="0.000136">
<system-out><![CDATA[Given This is a search docs test............................................passed
]]></system-out>
</testcase>
<testcase classname="Free CRM application testing" name="browser closed" time="0.00021">
<system-out><![CDATA[Given This is a close broswer test..........................................passed
]]></system-out>
</testcase>
</testsuite>
